<?xml version="1.0" encoding="UTF-8"?>
<!-- Generated by org.testng.reporters.JUnitReportReporter -->
<testsuite skipped="0" hostname="user-PC" name="tests.HomePageTests" tests="2" failures="0" timestamp="07 Aug 2019 19:19:46 GMT" time="10.987" errors="0">
  <testcase name="verifyPageTitle" time="6.062" classname="tests.HomePageTests"/>
  <testcase name="verfiyRegisterPresence" time="4.925" classname="tests.HomePageTests"/>
</testsuite> <!-- tests.HomePageTests -->
