<?xml version="1.0" encoding="UTF-8"?>
<!-- Generated by org.testng.reporters.JUnitReportReporter -->
<testsuite skipped="0" hostname="user-PC" name="tests.HomePageTests" tests="2" failures="0" timestamp="23 Aug 2019 15:54:16 GMT" time="19.492" errors="0">
  <testcase name="verfiyRegisterPresence" time="13.675" classname="tests.HomePageTests"/>
  <testcase name="verifyPageTitle" time="5.817" classname="tests.HomePageTests"/>
</testsuite> <!-- tests.HomePageTests -->
