<?xml version="1.0" encoding="UTF-8"?>
<!-- Generated by org.testng.reporters.JUnitReportReporter -->
<testsuite skipped="0" hostname="user-PC" name="tests.HomePageTests" tests="2" failures="0" timestamp="26 Aug 2019 12:05:28 GMT" time="17.229" errors="0">
  <testcase name="verfiyRegisterPresence" time="10.943" classname="tests.HomePageTests"/>
  <testcase name="verifyPageTitle" time="6.286" classname="tests.HomePageTests"/>
</testsuite> <!-- tests.HomePageTests -->
